2018-02-04 14:31:52.424  INFO 5336 --- [main] com.inventorsoft.Main                    : Starting Main on Sergey-PC with PID 5336 (C:\Users\Sergey\IdeaProjects\G2-Burger-Club\target\classes started by Sergey in C:\Users\Sergey\IdeaProjects\G2-Burger-Club)
2018-02-04 14:31:52.424  INFO 5336 --- [main] com.inventorsoft.Main                    : No active profile set, falling back to default profiles: default
2018-02-04 14:31:52.564  INFO 5336 --- [main] ationConfigEmbeddedWebApplicationContext : Refreshing org.springframework.boot.context.embedded.AnnotationConfigEmbeddedWebApplicationContext@7fad8c79: startup date [Sun Feb 04 14:31:52 EET 2018]; root of context hierarchy
2018-02-04 14:31:56.173  INFO 5336 --- [main] s.b.c.e.t.TomcatEmbeddedServletContainer : Tomcat initialized with port(s): 8080 (http)
2018-02-04 14:31:56.189  INFO 5336 --- [main] o.apache.catalina.core.StandardService   : Starting service [Tomcat]
2018-02-04 14:31:56.189  INFO 5336 --- [main] org.apache.catalina.core.StandardEngine  : Starting Servlet Engine: Apache Tomcat/8.5.16
2018-02-04 14:31:56.360  INFO 5336 --- [localhost-startStop-1] o.a.c.c.C.[Tomcat].[localhost].[/]       : Initializing Spring embedded WebApplicationContext
2018-02-04 14:31:56.360  INFO 5336 --- [localhost-startStop-1] o.s.web.context.ContextLoader            : Root WebApplicationContext: initialization completed in 3796 ms
2018-02-04 14:31:56.860  INFO 5336 --- [localhost-startStop-1] o.s.b.w.servlet.ServletRegistrationBean  : Mapping servlet: 'dispatcherServlet' to [/]
2018-02-04 14:31:56.860  INFO 5336 --- [localhost-startStop-1] o.s.b.w.servlet.FilterRegistrationBean   : Mapping filter: 'characterEncodingFilter' to: [/*]
2018-02-04 14:31:56.860  INFO 5336 --- [localhost-startStop-1] o.s.b.w.servlet.FilterRegistrationBean   : Mapping filter: 'hiddenHttpMethodFilter' to: [/*]
2018-02-04 14:31:56.860  INFO 5336 --- [localhost-startStop-1] o.s.b.w.servlet.FilterRegistrationBean   : Mapping filter: 'httpPutFormContentFilter' to: [/*]
2018-02-04 14:31:56.860  INFO 5336 --- [localhost-startStop-1] o.s.b.w.servlet.FilterRegistrationBean   : Mapping filter: 'requestContextFilter' to: [/*]
2018-02-04 14:31:58.537  INFO 5336 --- [main] s.w.s.m.m.a.RequestMappingHandlerAdapter : Looking for @ControllerAdvice: org.springframework.boot.context.embedded.AnnotationConfigEmbeddedWebApplicationContext@7fad8c79: startup date [Sun Feb 04 14:31:52 EET 2018]; root of context hierarchy
2018-02-04 14:31:58.786  INFO 5336 --- [main] s.w.s.m.m.a.RequestMappingHandlerMapping : Mapped "{[/error]}" onto public org.springframework.http.ResponseEntity<java.util.Map<java.lang.String, java.lang.Object>> org.springframework.boot.autoconfigure.web.BasicErrorController.error(javax.servlet.http.HttpServletRequest)
2018-02-04 14:31:58.786  INFO 5336 --- [main] s.w.s.m.m.a.RequestMappingHandlerMapping : Mapped "{[/error],produces=[text/html]}" onto public org.springframework.web.servlet.ModelAndView org.springframework.boot.autoconfigure.web.BasicErrorController.errorHtml(javax.servlet.http.HttpServletRequest,javax.servlet.http.HttpServletResponse)
2018-02-04 14:31:58.864  INFO 5336 --- [main] o.s.w.s.handler.SimpleUrlHandlerMapping  : Mapped URL path [/webjars/**] onto handler of type [class org.springframework.web.servlet.resource.ResourceHttpRequestHandler]
2018-02-04 14:31:58.864  INFO 5336 --- [main] o.s.w.s.handler.SimpleUrlHandlerMapping  : Mapped URL path [/**] onto handler of type [class org.springframework.web.servlet.resource.ResourceHttpRequestHandler]
2018-02-04 14:31:58.974  INFO 5336 --- [main] o.s.w.s.handler.SimpleUrlHandlerMapping  : Mapped URL path [/**/favicon.ico] onto handler of type [class org.springframework.web.servlet.resource.ResourceHttpRequestHandler]
2018-02-04 14:31:59.351  INFO 5336 --- [main] o.s.j.e.a.AnnotationMBeanExporter        : Registering beans for JMX exposure on startup
2018-02-04 14:31:59.475  INFO 5336 --- [main] s.b.c.e.t.TomcatEmbeddedServletContainer : Tomcat started on port(s): 8080 (http)
2018-02-04 14:32:10.191 ERROR 5336 --- [main] com.inventorsoft.ui.ConsoleInterface     : login exception: 

com.inventorsoft.exception.WrongDataSizeException: ERROR: Wrong data size
	at com.inventorsoft.validator.DataVerification.verifyData(DataVerification.java:19) ~[classes/:na]
	at com.inventorsoft.service.UserService.login(UserService.java:33) ~[classes/:na]
	at com.inventorsoft.ui.ConsoleInterface.login(ConsoleInterface.java:90) [classes/:na]
	at com.inventorsoft.ui.ConsoleInterface.authorization(ConsoleInterface.java:70) [classes/:na]
	at com.inventorsoft.ui.ConsoleInterface.start(ConsoleInterface.java:55) [classes/:na]
	at com.inventorsoft.ui.ConsoleInterface.run(ConsoleInterface.java:47) [classes/:na]
	at org.springframework.boot.SpringApplication.callRunner(SpringApplication.java:732) [spring-boot-1.5.6.RELEASE.jar:1.5.6.RELEASE]
	at org.springframework.boot.SpringApplication.callRunners(SpringApplication.java:716) [spring-boot-1.5.6.RELEASE.jar:1.5.6.RELEASE]
	at org.springframework.boot.SpringApplication.afterRefresh(SpringApplication.java:703) [spring-boot-1.5.6.RELEASE.jar:1.5.6.RELEASE]
	at org.springframework.boot.SpringApplication.run(SpringApplication.java:304) [spring-boot-1.5.6.RELEASE.jar:1.5.6.RELEASE]
	at org.springframework.boot.SpringApplication.run(SpringApplication.java:1118) [spring-boot-1.5.6.RELEASE.jar:1.5.6.RELEASE]
	at org.springframework.boot.SpringApplication.run(SpringApplication.java:1107) [spring-boot-1.5.6.RELEASE.jar:1.5.6.RELEASE]
	at com.inventorsoft.Main.main(Main.java:22) [classes/:na]
	at sun.reflect.NativeMethodAccessorImpl.invoke0(Native Method) ~[na:1.8.0_121]
	at sun.reflect.NativeMethodAccessorImpl.invoke(NativeMethodAccessorImpl.java:62) ~[na:1.8.0_121]
	at sun.reflect.DelegatingMethodAccessorImpl.invoke(DelegatingMethodAccessorImpl.java:43) ~[na:1.8.0_121]
	at java.lang.reflect.Method.invoke(Method.java:498) ~[na:1.8.0_121]
	at com.intellij.rt.execution.application.AppMain.main(AppMain.java:147) [idea_rt.jar:na]

2018-02-04 14:35:25.734  INFO 6048 --- [main] com.inventorsoft.Main                    : Starting Main on Sergey-PC with PID 6048 (C:\Users\Sergey\IdeaProjects\G2-Burger-Club\target\classes started by Sergey in C:\Users\Sergey\IdeaProjects\G2-Burger-Club)
2018-02-04 14:35:25.734  INFO 6048 --- [main] com.inventorsoft.Main                    : No active profile set, falling back to default profiles: default
2018-02-04 14:35:25.890  INFO 6048 --- [main] ationConfigEmbeddedWebApplicationContext : Refreshing org.springframework.boot.context.embedded.AnnotationConfigEmbeddedWebApplicationContext@365c30cc: startup date [Sun Feb 04 14:35:25 EET 2018]; root of context hierarchy
2018-02-04 14:35:29.258  INFO 6048 --- [main] s.b.c.e.t.TomcatEmbeddedServletContainer : Tomcat initialized with port(s): 8080 (http)
2018-02-04 14:35:29.273  INFO 6048 --- [main] o.apache.catalina.core.StandardService   : Starting service [Tomcat]
2018-02-04 14:35:29.273  INFO 6048 --- [main] org.apache.catalina.core.StandardEngine  : Starting Servlet Engine: Apache Tomcat/8.5.16
2018-02-04 14:35:29.476  INFO 6048 --- [localhost-startStop-1] o.a.c.c.C.[Tomcat].[localhost].[/]       : Initializing Spring embedded WebApplicationContext
2018-02-04 14:35:29.476  INFO 6048 --- [localhost-startStop-1] o.s.web.context.ContextLoader            : Root WebApplicationContext: initialization completed in 3601 ms
2018-02-04 14:35:29.726  INFO 6048 --- [localhost-startStop-1] o.s.b.w.servlet.ServletRegistrationBean  : Mapping servlet: 'dispatcherServlet' to [/]
2018-02-04 14:35:29.726  INFO 6048 --- [localhost-startStop-1] o.s.b.w.servlet.FilterRegistrationBean   : Mapping filter: 'characterEncodingFilter' to: [/*]
2018-02-04 14:35:29.726  INFO 6048 --- [localhost-startStop-1] o.s.b.w.servlet.FilterRegistrationBean   : Mapping filter: 'hiddenHttpMethodFilter' to: [/*]
2018-02-04 14:35:29.726  INFO 6048 --- [localhost-startStop-1] o.s.b.w.servlet.FilterRegistrationBean   : Mapping filter: 'httpPutFormContentFilter' to: [/*]
2018-02-04 14:35:29.726  INFO 6048 --- [localhost-startStop-1] o.s.b.w.servlet.FilterRegistrationBean   : Mapping filter: 'requestContextFilter' to: [/*]
2018-02-04 14:35:30.277  INFO 6048 --- [main] s.w.s.m.m.a.RequestMappingHandlerAdapter : Looking for @ControllerAdvice: org.springframework.boot.context.embedded.AnnotationConfigEmbeddedWebApplicationContext@365c30cc: startup date [Sun Feb 04 14:35:25 EET 2018]; root of context hierarchy
2018-02-04 14:35:30.387  INFO 6048 --- [main] s.w.s.m.m.a.RequestMappingHandlerMapping : Mapped "{[/error]}" onto public org.springframework.http.ResponseEntity<java.util.Map<java.lang.String, java.lang.Object>> org.springframework.boot.autoconfigure.web.BasicErrorController.error(javax.servlet.http.HttpServletRequest)
2018-02-04 14:35:30.387  INFO 6048 --- [main] s.w.s.m.m.a.RequestMappingHandlerMapping : Mapped "{[/error],produces=[text/html]}" onto public org.springframework.web.servlet.ModelAndView org.springframework.boot.autoconfigure.web.BasicErrorController.errorHtml(javax.servlet.http.HttpServletRequest,javax.servlet.http.HttpServletResponse)
2018-02-04 14:35:30.433  INFO 6048 --- [main] o.s.w.s.handler.SimpleUrlHandlerMapping  : Mapped URL path [/webjars/**] onto handler of type [class org.springframework.web.servlet.resource.ResourceHttpRequestHandler]
2018-02-04 14:35:30.433  INFO 6048 --- [main] o.s.w.s.handler.SimpleUrlHandlerMapping  : Mapped URL path [/**] onto handler of type [class org.springframework.web.servlet.resource.ResourceHttpRequestHandler]
2018-02-04 14:35:30.499  INFO 6048 --- [main] o.s.w.s.handler.SimpleUrlHandlerMapping  : Mapped URL path [/**/favicon.ico] onto handler of type [class org.springframework.web.servlet.resource.ResourceHttpRequestHandler]
2018-02-04 14:35:30.717  INFO 6048 --- [main] o.s.j.e.a.AnnotationMBeanExporter        : Registering beans for JMX exposure on startup
2018-02-04 14:35:30.801  INFO 6048 --- [main] s.b.c.e.t.TomcatEmbeddedServletContainer : Tomcat started on port(s): 8080 (http)
2018-02-04 14:35:34.668 ERROR 6048 --- [main] com.inventorsoft.ui.ConsoleInterface     : login exception: 

com.inventorsoft.exception.WrongDataSizeException: ERROR: Wrong data size
	at com.inventorsoft.validator.DataVerification.verifyData(DataVerification.java:19) ~[classes/:na]
	at com.inventorsoft.service.UserService.login(UserService.java:33) ~[classes/:na]
	at com.inventorsoft.ui.ConsoleInterface.login(ConsoleInterface.java:90) [classes/:na]
	at com.inventorsoft.ui.ConsoleInterface.authorization(ConsoleInterface.java:70) [classes/:na]
	at com.inventorsoft.ui.ConsoleInterface.start(ConsoleInterface.java:55) [classes/:na]
	at com.inventorsoft.ui.ConsoleInterface.run(ConsoleInterface.java:47) [classes/:na]
	at org.springframework.boot.SpringApplication.callRunner(SpringApplication.java:732) [spring-boot-1.5.6.RELEASE.jar:1.5.6.RELEASE]
	at org.springframework.boot.SpringApplication.callRunners(SpringApplication.java:716) [spring-boot-1.5.6.RELEASE.jar:1.5.6.RELEASE]
	at org.springframework.boot.SpringApplication.afterRefresh(SpringApplication.java:703) [spring-boot-1.5.6.RELEASE.jar:1.5.6.RELEASE]
	at org.springframework.boot.SpringApplication.run(SpringApplication.java:304) [spring-boot-1.5.6.RELEASE.jar:1.5.6.RELEASE]
	at org.springframework.boot.SpringApplication.run(SpringApplication.java:1118) [spring-boot-1.5.6.RELEASE.jar:1.5.6.RELEASE]
	at org.springframework.boot.SpringApplication.run(SpringApplication.java:1107) [spring-boot-1.5.6.RELEASE.jar:1.5.6.RELEASE]
	at com.inventorsoft.Main.main(Main.java:19) [classes/:na]
	at sun.reflect.NativeMethodAccessorImpl.invoke0(Native Method) ~[na:1.8.0_121]
	at sun.reflect.NativeMethodAccessorImpl.invoke(NativeMethodAccessorImpl.java:62) ~[na:1.8.0_121]
	at sun.reflect.DelegatingMethodAccessorImpl.invoke(DelegatingMethodAccessorImpl.java:43) ~[na:1.8.0_121]
	at java.lang.reflect.Method.invoke(Method.java:498) ~[na:1.8.0_121]
	at com.intellij.rt.execution.application.AppMain.main(AppMain.java:147) [idea_rt.jar:na]

2018-02-04 14:36:58.146  INFO 2388 --- [main] com.inventorsoft.Main                    : Starting Main on Sergey-PC with PID 2388 (C:\Users\Sergey\IdeaProjects\G2-Burger-Club\target\classes started by Sergey in C:\Users\Sergey\IdeaProjects\G2-Burger-Club)
2018-02-04 14:36:58.162  INFO 2388 --- [main] com.inventorsoft.Main                    : No active profile set, falling back to default profiles: default
2018-02-04 14:36:58.349  INFO 2388 --- [main] ationConfigEmbeddedWebApplicationContext : Refreshing org.springframework.boot.context.embedded.AnnotationConfigEmbeddedWebApplicationContext@365c30cc: startup date [Sun Feb 04 14:36:58 EET 2018]; root of context hierarchy
2018-02-04 14:37:02.224  INFO 2388 --- [main] s.b.c.e.t.TomcatEmbeddedServletContainer : Tomcat initialized with port(s): 8080 (http)
2018-02-04 14:37:02.240  INFO 2388 --- [main] o.apache.catalina.core.StandardService   : Starting service [Tomcat]
2018-02-04 14:37:02.240  INFO 2388 --- [main] org.apache.catalina.core.StandardEngine  : Starting Servlet Engine: Apache Tomcat/8.5.16
2018-02-04 14:37:02.434  INFO 2388 --- [localhost-startStop-1] o.a.c.c.C.[Tomcat].[localhost].[/]       : Initializing Spring embedded WebApplicationContext
2018-02-04 14:37:02.434  INFO 2388 --- [localhost-startStop-1] o.s.web.context.ContextLoader            : Root WebApplicationContext: initialization completed in 4085 ms
2018-02-04 14:37:02.639  INFO 2388 --- [localhost-startStop-1] o.s.b.w.servlet.ServletRegistrationBean  : Mapping servlet: 'dispatcherServlet' to [/]
2018-02-04 14:37:02.654  INFO 2388 --- [localhost-startStop-1] o.s.b.w.servlet.FilterRegistrationBean   : Mapping filter: 'characterEncodingFilter' to: [/*]
2018-02-04 14:37:02.654  INFO 2388 --- [localhost-startStop-1] o.s.b.w.servlet.FilterRegistrationBean   : Mapping filter: 'hiddenHttpMethodFilter' to: [/*]
2018-02-04 14:37:02.654  INFO 2388 --- [localhost-startStop-1] o.s.b.w.servlet.FilterRegistrationBean   : Mapping filter: 'httpPutFormContentFilter' to: [/*]
2018-02-04 14:37:02.654  INFO 2388 --- [localhost-startStop-1] o.s.b.w.servlet.FilterRegistrationBean   : Mapping filter: 'requestContextFilter' to: [/*]
2018-02-04 14:37:03.154  INFO 2388 --- [main] s.w.s.m.m.a.RequestMappingHandlerAdapter : Looking for @ControllerAdvice: org.springframework.boot.context.embedded.AnnotationConfigEmbeddedWebApplicationContext@365c30cc: startup date [Sun Feb 04 14:36:58 EET 2018]; root of context hierarchy
2018-02-04 14:37:03.247  INFO 2388 --- [main] s.w.s.m.m.a.RequestMappingHandlerMapping : Mapped "{[/error]}" onto public org.springframework.http.ResponseEntity<java.util.Map<java.lang.String, java.lang.Object>> org.springframework.boot.autoconfigure.web.BasicErrorController.error(javax.servlet.http.HttpServletRequest)
2018-02-04 14:37:03.247  INFO 2388 --- [main] s.w.s.m.m.a.RequestMappingHandlerMapping : Mapped "{[/error],produces=[text/html]}" onto public org.springframework.web.servlet.ModelAndView org.springframework.boot.autoconfigure.web.BasicErrorController.errorHtml(javax.servlet.http.HttpServletRequest,javax.servlet.http.HttpServletResponse)
2018-02-04 14:37:03.294  INFO 2388 --- [main] o.s.w.s.handler.SimpleUrlHandlerMapping  : Mapped URL path [/webjars/**] onto handler of type [class org.springframework.web.servlet.resource.ResourceHttpRequestHandler]
2018-02-04 14:37:03.294  INFO 2388 --- [main] o.s.w.s.handler.SimpleUrlHandlerMapping  : Mapped URL path [/**] onto handler of type [class org.springframework.web.servlet.resource.ResourceHttpRequestHandler]
2018-02-04 14:37:03.356  INFO 2388 --- [main] o.s.w.s.handler.SimpleUrlHandlerMapping  : Mapped URL path [/**/favicon.ico] onto handler of type [class org.springframework.web.servlet.resource.ResourceHttpRequestHandler]
2018-02-04 14:37:03.590  INFO 2388 --- [main] o.s.j.e.a.AnnotationMBeanExporter        : Registering beans for JMX exposure on startup
2018-02-04 14:37:03.668  INFO 2388 --- [main] s.b.c.e.t.TomcatEmbeddedServletContainer : Tomcat started on port(s): 8080 (http)
2018-02-04 14:37:10.661 ERROR 2388 --- [main] com.inventorsoft.ui.ConsoleInterface     : login exception: 

com.inventorsoft.exception.WrongDataSizeException: ERROR: Wrong data size
	at com.inventorsoft.validator.DataVerification.verifyData(DataVerification.java:19) ~[classes/:na]
	at com.inventorsoft.service.UserService.login(UserService.java:33) ~[classes/:na]
	at com.inventorsoft.ui.ConsoleInterface.login(ConsoleInterface.java:90) [classes/:na]
	at com.inventorsoft.ui.ConsoleInterface.authorization(ConsoleInterface.java:70) [classes/:na]
	at com.inventorsoft.ui.ConsoleInterface.start(ConsoleInterface.java:55) [classes/:na]
	at com.inventorsoft.ui.ConsoleInterface.run(ConsoleInterface.java:47) [classes/:na]
	at org.springframework.boot.SpringApplication.callRunner(SpringApplication.java:732) [spring-boot-1.5.6.RELEASE.jar:1.5.6.RELEASE]
	at org.springframework.boot.SpringApplication.callRunners(SpringApplication.java:716) [spring-boot-1.5.6.RELEASE.jar:1.5.6.RELEASE]
	at org.springframework.boot.SpringApplication.afterRefresh(SpringApplication.java:703) [spring-boot-1.5.6.RELEASE.jar:1.5.6.RELEASE]
	at org.springframework.boot.SpringApplication.run(SpringApplication.java:304) [spring-boot-1.5.6.RELEASE.jar:1.5.6.RELEASE]
	at org.springframework.boot.SpringApplication.run(SpringApplication.java:1118) [spring-boot-1.5.6.RELEASE.jar:1.5.6.RELEASE]
	at org.springframework.boot.SpringApplication.run(SpringApplication.java:1107) [spring-boot-1.5.6.RELEASE.jar:1.5.6.RELEASE]
	at com.inventorsoft.Main.main(Main.java:19) [classes/:na]
	at sun.reflect.NativeMethodAccessorImpl.invoke0(Native Method) ~[na:1.8.0_121]
	at sun.reflect.NativeMethodAccessorImpl.invoke(NativeMethodAccessorImpl.java:62) ~[na:1.8.0_121]
	at sun.reflect.DelegatingMethodAccessorImpl.invoke(DelegatingMethodAccessorImpl.java:43) ~[na:1.8.0_121]
	at java.lang.reflect.Method.invoke(Method.java:498) ~[na:1.8.0_121]
	at com.intellij.rt.execution.application.AppMain.main(AppMain.java:147) [idea_rt.jar:na]

2018-02-04 14:38:59.135  INFO 5736 --- [main] com.inventorsoft.Main                    : Starting Main on Sergey-PC with PID 5736 (C:\Users\Sergey\IdeaProjects\G2-Burger-Club\target\classes started by Sergey in C:\Users\Sergey\IdeaProjects\G2-Burger-Club)
2018-02-04 14:38:59.151  INFO 5736 --- [main] com.inventorsoft.Main                    : No active profile set, falling back to default profiles: default
2018-02-04 14:38:59.307  INFO 5736 --- [main] ationConfigEmbeddedWebApplicationContext : Refreshing org.springframework.boot.context.embedded.AnnotationConfigEmbeddedWebApplicationContext@701fc37a: startup date [Sun Feb 04 14:38:59 EET 2018]; root of context hierarchy
2018-02-04 14:39:02.658  INFO 5736 --- [main] s.b.c.e.t.TomcatEmbeddedServletContainer : Tomcat initialized with port(s): 8080 (http)
2018-02-04 14:39:02.674  INFO 5736 --- [main] o.apache.catalina.core.StandardService   : Starting service [Tomcat]
2018-02-04 14:39:02.689  INFO 5736 --- [main] org.apache.catalina.core.StandardEngine  : Starting Servlet Engine: Apache Tomcat/8.5.16
2018-02-04 14:39:02.923  INFO 5736 --- [localhost-startStop-1] o.a.c.c.C.[Tomcat].[localhost].[/]       : Initializing Spring embedded WebApplicationContext
2018-02-04 14:39:02.923  INFO 5736 --- [localhost-startStop-1] o.s.web.context.ContextLoader            : Root WebApplicationContext: initialization completed in 3616 ms
2018-02-04 14:39:03.151  INFO 5736 --- [localhost-startStop-1] o.s.b.w.servlet.ServletRegistrationBean  : Mapping servlet: 'dispatcherServlet' to [/]
2018-02-04 14:39:03.151  INFO 5736 --- [localhost-startStop-1] o.s.b.w.servlet.FilterRegistrationBean   : Mapping filter: 'characterEncodingFilter' to: [/*]
2018-02-04 14:39:03.151  INFO 5736 --- [localhost-startStop-1] o.s.b.w.servlet.FilterRegistrationBean   : Mapping filter: 'hiddenHttpMethodFilter' to: [/*]
2018-02-04 14:39:03.151  INFO 5736 --- [localhost-startStop-1] o.s.b.w.servlet.FilterRegistrationBean   : Mapping filter: 'httpPutFormContentFilter' to: [/*]
2018-02-04 14:39:03.151  INFO 5736 --- [localhost-startStop-1] o.s.b.w.servlet.FilterRegistrationBean   : Mapping filter: 'requestContextFilter' to: [/*]
2018-02-04 14:39:03.681  INFO 5736 --- [main] s.w.s.m.m.a.RequestMappingHandlerAdapter : Looking for @ControllerAdvice: org.springframework.boot.context.embedded.AnnotationConfigEmbeddedWebApplicationContext@701fc37a: startup date [Sun Feb 04 14:38:59 EET 2018]; root of context hierarchy
2018-02-04 14:39:03.806  INFO 5736 --- [main] s.w.s.m.m.a.RequestMappingHandlerMapping : Mapped "{[/error]}" onto public org.springframework.http.ResponseEntity<java.util.Map<java.lang.String, java.lang.Object>> org.springframework.boot.autoconfigure.web.BasicErrorController.error(javax.servlet.http.HttpServletRequest)
2018-02-04 14:39:03.806  INFO 5736 --- [main] s.w.s.m.m.a.RequestMappingHandlerMapping : Mapped "{[/error],produces=[text/html]}" onto public org.springframework.web.servlet.ModelAndView org.springframework.boot.autoconfigure.web.BasicErrorController.errorHtml(javax.servlet.http.HttpServletRequest,javax.servlet.http.HttpServletResponse)
2018-02-04 14:39:03.853  INFO 5736 --- [main] o.s.w.s.handler.SimpleUrlHandlerMapping  : Mapped URL path [/webjars/**] onto handler of type [class org.springframework.web.servlet.resource.ResourceHttpRequestHandler]
2018-02-04 14:39:03.853  INFO 5736 --- [main] o.s.w.s.handler.SimpleUrlHandlerMapping  : Mapped URL path [/**] onto handler of type [class org.springframework.web.servlet.resource.ResourceHttpRequestHandler]
2018-02-04 14:39:03.899  INFO 5736 --- [main] o.s.w.s.handler.SimpleUrlHandlerMapping  : Mapped URL path [/**/favicon.ico] onto handler of type [class org.springframework.web.servlet.resource.ResourceHttpRequestHandler]
2018-02-04 14:39:04.165  INFO 5736 --- [main] o.s.j.e.a.AnnotationMBeanExporter        : Registering beans for JMX exposure on startup
2018-02-04 14:39:04.258  INFO 5736 --- [main] s.b.c.e.t.TomcatEmbeddedServletContainer : Tomcat started on port(s): 8080 (http)
2018-02-04 14:39:21.681  INFO 5736 --- [main] com.inventorsoft.ui.ConsoleInterface     : role: 1
2018-02-04 14:39:24.383  INFO 5736 --- [main] com.inventorsoft.ui.ConsoleInterface     : showAvailableBurgers method
2018-02-04 14:39:50.931  INFO 5736 --- [main] com.inventorsoft.Main                    : Started Main in 52.389 seconds (JVM running for 53.051)
2018-02-04 14:46:35.707  INFO 1076 --- [main] com.inventorsoft.Main                    : Starting Main on Sergey-PC with PID 1076 (C:\Users\Sergey\IdeaProjects\G2-Burger-Club\target\classes started by Sergey in C:\Users\Sergey\IdeaProjects\G2-Burger-Club)
2018-02-04 14:46:35.707  INFO 1076 --- [main] com.inventorsoft.Main                    : No active profile set, falling back to default profiles: default
2018-02-04 14:46:35.879  INFO 1076 --- [main] ationConfigEmbeddedWebApplicationContext : Refreshing org.springframework.boot.context.embedded.AnnotationConfigEmbeddedWebApplicationContext@365c30cc: startup date [Sun Feb 04 14:46:35 EET 2018]; root of context hierarchy
2018-02-04 14:46:39.578  INFO 1076 --- [main] s.b.c.e.t.TomcatEmbeddedServletContainer : Tomcat initialized with port(s): 8080 (http)
2018-02-04 14:46:39.594  INFO 1076 --- [main] o.apache.catalina.core.StandardService   : Starting service [Tomcat]
2018-02-04 14:46:39.594  INFO 1076 --- [main] org.apache.catalina.core.StandardEngine  : Starting Servlet Engine: Apache Tomcat/8.5.16
2018-02-04 14:46:39.843  INFO 1076 --- [localhost-startStop-1] o.a.c.c.C.[Tomcat].[localhost].[/]       : Initializing Spring embedded WebApplicationContext
2018-02-04 14:46:39.843  INFO 1076 --- [localhost-startStop-1] o.s.web.context.ContextLoader            : Root WebApplicationContext: initialization completed in 3964 ms
2018-02-04 14:46:40.077  INFO 1076 --- [localhost-startStop-1] o.s.b.w.servlet.ServletRegistrationBean  : Mapping servlet: 'dispatcherServlet' to [/]
2018-02-04 14:46:40.093  INFO 1076 --- [localhost-startStop-1] o.s.b.w.servlet.FilterRegistrationBean   : Mapping filter: 'characterEncodingFilter' to: [/*]
2018-02-04 14:46:40.093  INFO 1076 --- [localhost-startStop-1] o.s.b.w.servlet.FilterRegistrationBean   : Mapping filter: 'hiddenHttpMethodFilter' to: [/*]
2018-02-04 14:46:40.093  INFO 1076 --- [localhost-startStop-1] o.s.b.w.servlet.FilterRegistrationBean   : Mapping filter: 'httpPutFormContentFilter' to: [/*]
2018-02-04 14:46:40.093  INFO 1076 --- [localhost-startStop-1] o.s.b.w.servlet.FilterRegistrationBean   : Mapping filter: 'requestContextFilter' to: [/*]
2018-02-04 14:46:40.608  INFO 1076 --- [main] s.w.s.m.m.a.RequestMappingHandlerAdapter : Looking for @ControllerAdvice: org.springframework.boot.context.embedded.AnnotationConfigEmbeddedWebApplicationContext@365c30cc: startup date [Sun Feb 04 14:46:35 EET 2018]; root of context hierarchy
2018-02-04 14:46:40.733  INFO 1076 --- [main] s.w.s.m.m.a.RequestMappingHandlerMapping : Mapped "{[/error]}" onto public org.springframework.http.ResponseEntity<java.util.Map<java.lang.String, java.lang.Object>> org.springframework.boot.autoconfigure.web.BasicErrorController.error(javax.servlet.http.HttpServletRequest)
2018-02-04 14:46:40.733  INFO 1076 --- [main] s.w.s.m.m.a.RequestMappingHandlerMapping : Mapped "{[/error],produces=[text/html]}" onto public org.springframework.web.servlet.ModelAndView org.springframework.boot.autoconfigure.web.BasicErrorController.errorHtml(javax.servlet.http.HttpServletRequest,javax.servlet.http.HttpServletResponse)
2018-02-04 14:46:40.764  INFO 1076 --- [main] o.s.w.s.handler.SimpleUrlHandlerMapping  : Mapped URL path [/webjars/**] onto handler of type [class org.springframework.web.servlet.resource.ResourceHttpRequestHandler]
2018-02-04 14:46:40.764  INFO 1076 --- [main] o.s.w.s.handler.SimpleUrlHandlerMapping  : Mapped URL path [/**] onto handler of type [class org.springframework.web.servlet.resource.ResourceHttpRequestHandler]
2018-02-04 14:46:40.826  INFO 1076 --- [main] o.s.w.s.handler.SimpleUrlHandlerMapping  : Mapped URL path [/**/favicon.ico] onto handler of type [class org.springframework.web.servlet.resource.ResourceHttpRequestHandler]
2018-02-04 14:46:41.060  INFO 1076 --- [main] o.s.j.e.a.AnnotationMBeanExporter        : Registering beans for JMX exposure on startup
2018-02-04 14:46:41.216  INFO 1076 --- [main] s.b.c.e.t.TomcatEmbeddedServletContainer : Tomcat started on port(s): 8080 (http)
2018-02-04 14:46:48.015 ERROR 1076 --- [main] com.inventorsoft.ui.ConsoleInterface     : login exception: 

com.inventorsoft.exception.WrongDataSizeException: ERROR: Wrong data size
	at com.inventorsoft.validator.DataVerification.verifyData(DataVerification.java:19) ~[classes/:na]
	at com.inventorsoft.service.UserService.login(UserService.java:33) ~[classes/:na]
	at com.inventorsoft.ui.ConsoleInterface.login(ConsoleInterface.java:90) [classes/:na]
	at com.inventorsoft.ui.ConsoleInterface.authorization(ConsoleInterface.java:70) [classes/:na]
	at com.inventorsoft.ui.ConsoleInterface.start(ConsoleInterface.java:55) [classes/:na]
	at com.inventorsoft.ui.ConsoleInterface.run(ConsoleInterface.java:47) [classes/:na]
	at org.springframework.boot.SpringApplication.callRunner(SpringApplication.java:732) [spring-boot-1.5.6.RELEASE.jar:1.5.6.RELEASE]
	at org.springframework.boot.SpringApplication.callRunners(SpringApplication.java:716) [spring-boot-1.5.6.RELEASE.jar:1.5.6.RELEASE]
	at org.springframework.boot.SpringApplication.afterRefresh(SpringApplication.java:703) [spring-boot-1.5.6.RELEASE.jar:1.5.6.RELEASE]
	at org.springframework.boot.SpringApplication.run(SpringApplication.java:304) [spring-boot-1.5.6.RELEASE.jar:1.5.6.RELEASE]
	at org.springframework.boot.SpringApplication.run(SpringApplication.java:1118) [spring-boot-1.5.6.RELEASE.jar:1.5.6.RELEASE]
	at org.springframework.boot.SpringApplication.run(SpringApplication.java:1107) [spring-boot-1.5.6.RELEASE.jar:1.5.6.RELEASE]
	at com.inventorsoft.Main.main(Main.java:19) [classes/:na]
	at sun.reflect.NativeMethodAccessorImpl.invoke0(Native Method) ~[na:1.8.0_121]
	at sun.reflect.NativeMethodAccessorImpl.invoke(NativeMethodAccessorImpl.java:62) ~[na:1.8.0_121]
	at sun.reflect.DelegatingMethodAccessorImpl.invoke(DelegatingMethodAccessorImpl.java:43) ~[na:1.8.0_121]
	at java.lang.reflect.Method.invoke(Method.java:498) ~[na:1.8.0_121]
	at com.intellij.rt.execution.application.AppMain.main(AppMain.java:147) [idea_rt.jar:na]

